[PREINITIALIZATION][CLIENT][INFO] Thank you to the Patreon supporters below and others who make CraftTweaker possible!
Freebi
Peregrinus11
quaternary
Diablo Crasher
DreamThorn
Darkosto
Pongo Sapiens
Jonathan McManus
Robijnvogel
AdaraChristine
realTIMematrix
If you want to support the mod, checkout https://patreon.com/jaredlll08?s=crtmod

[PREINITIALIZATION][CLIENT][INFO] Current loaders after merging: [[preinit]]
[PREINITIALIZATION][CLIENT][INFO] Loading scripts for loader with names [preinit]
[PREINITIALIZATION][CLIENT][INFO] [preinit | SIDE_CLIENT]: Skipping file {[0:crafttweaker]: creative_recipes\01_creative_energy_cell_ae2.zs} as we are currently loading with a different loader
[PREINITIALIZATION][CLIENT][INFO] [preinit | SIDE_CLIENT]: Skipping file {[0:crafttweaker]: creative_recipes\02_creative_me_storage_cell.zs} as we are currently loading with a different loader
[PREINITIALIZATION][CLIENT][INFO] [preinit | SIDE_CLIENT]: Skipping file {[0:crafttweaker]: creative_recipes\03_creative_bookcases.zs} as we are currently loading with a different loader
[PREINITIALIZATION][CLIENT][INFO] [preinit | SIDE_CLIENT]: Skipping file {[0:crafttweaker]: creative_recipes\04_creative_activation_crystal.zs} as we are currently loading with a different loader
[PREINITIALIZATION][CLIENT][INFO] [preinit | SIDE_CLIENT]: Skipping file {[0:crafttweaker]: creative_recipes\05_creative_sacrificial_dagger.zs} as we are currently loading with a different loader
[PREINITIALIZATION][CLIENT][INFO] [preinit | SIDE_CLIENT]: Skipping file {[0:crafttweaker]: creative_recipes\06_creative_paste_container.zs} as we are currently loading with a different loader
[PREINITIALIZATION][CLIENT][INFO] [preinit | SIDE_CLIENT]: Skipping file {[0:crafttweaker]: creative_recipes\07_creative_chance_pendant.zs} as we are currently loading with a different loader
[PREINITIALIZATION][CLIENT][INFO] [preinit | SIDE_CLIENT]: Skipping file {[0:crafttweaker]: creative_recipes\08_creative_rf_source.zs} as we are currently loading with a different loader
[PREINITIALIZATION][CLIENT][INFO] [preinit | SIDE_CLIENT]: Skipping file {[0:crafttweaker]: creative_recipes\09_creative_flux_capacitor_de.zs} as we are currently loading with a different loader
[PREINITIALIZATION][CLIENT][INFO] [preinit | SIDE_CLIENT]: Skipping file {[0:crafttweaker]: creative_recipes\10_creative_block_exchanger.zs} as we are currently loading with a different loader
[PREINITIALIZATION][CLIENT][INFO] [preinit | SIDE_CLIENT]: Skipping file {[0:crafttweaker]: creative_recipes\11_creative_buffer.zs} as we are currently loading with a different loader
[PREINITIALIZATION][CLIENT][INFO] [preinit | SIDE_CLIENT]: Skipping file {[0:crafttweaker]: creative_recipes\12_creative_spawner.zs} as we are currently loading with a different loader
[PREINITIALIZATION][CLIENT][INFO] [preinit | SIDE_CLIENT]: Skipping file {[0:crafttweaker]: creative_recipes\13_creative_capacitor_bank.zs} as we are currently loading with a different loader
[PREINITIALIZATION][CLIENT][INFO] [preinit | SIDE_CLIENT]: Skipping file {[0:crafttweaker]: creative_recipes\14_creative_destruction_wand.zs} as we are currently loading with a different loader
[PREINITIALIZATION][CLIENT][INFO] [preinit | SIDE_CLIENT]: Skipping file {[0:crafttweaker]: creative_recipes\15_creative_builders_wand.zs} as we are currently loading with a different loader
[PREINITIALIZATION][CLIENT][INFO] [preinit | SIDE_CLIENT]: Skipping file {[0:crafttweaker]: creative_recipes\16_creative_mill.zs} as we are currently loading with a different loader
[PREINITIALIZATION][CLIENT][INFO] [preinit | SIDE_CLIENT]: Skipping file {[0:crafttweaker]: creative_recipes\17_creative_drum.zs} as we are currently loading with a different loader
[PREINITIALIZATION][CLIENT][INFO] [preinit | SIDE_CLIENT]: Skipping file {[0:crafttweaker]: creative_recipes\18_creative_spike.zs} as we are currently loading with a different loader
[PREINITIALIZATION][CLIENT][INFO] [preinit | SIDE_CLIENT]: Skipping file {[0:crafttweaker]: creative_recipes\19_creative_energy_source.zs} as we are currently loading with a different loader
[PREINITIALIZATION][CLIENT][INFO] [preinit | SIDE_CLIENT]: Skipping file {[0:crafttweaker]: creative_recipes\20_creative_harvest.zs} as we are currently loading with a different loader
[PREINITIALIZATION][CLIENT][INFO] [preinit | SIDE_CLIENT]: Skipping file {[0:crafttweaker]: creative_recipes\21_creative_steam_generator.zs} as we are currently loading with a different loader
[PREINITIALIZATION][CLIENT][INFO] [preinit | SIDE_CLIENT]: Skipping file {[0:crafttweaker]: creative_recipes\22_creative_reactor_coolant_port.zs} as we are currently loading with a different loader
[PREINITIALIZATION][CLIENT][INFO] [preinit | SIDE_CLIENT]: Skipping file {[0:crafttweaker]: creative_recipes\23_creative_capacitor.zs} as we are currently loading with a different loader
[PREINITIALIZATION][CLIENT][INFO] [preinit | SIDE_CLIENT]: Skipping file {[0:crafttweaker]: creative_recipes\24_creative_bin.zs} as we are currently loading with a different loader
[PREINITIALIZATION][CLIENT][INFO] [preinit | SIDE_CLIENT]: Skipping file {[0:crafttweaker]: creative_recipes\25_creative_fluid_tank.zs} as we are currently loading with a different loader
[PREINITIALIZATION][CLIENT][INFO] [preinit | SIDE_CLIENT]: Skipping file {[0:crafttweaker]: creative_recipes\26_creative_energy_cube.zs} as we are currently loading with a different loader
[PREINITIALIZATION][CLIENT][INFO] [preinit | SIDE_CLIENT]: Skipping file {[0:crafttweaker]: creative_recipes\27_creative_gas_tank.zs} as we are currently loading with a different loader
[PREINITIALIZATION][CLIENT][INFO] [preinit | SIDE_CLIENT]: Skipping file {[0:crafttweaker]: creative_recipes\28_creative_essence.zs} as we are currently loading with a different loader
[PREINITIALIZATION][CLIENT][INFO] [preinit | SIDE_CLIENT]: Skipping file {[0:crafttweaker]: creative_recipes\29_creative_ic_chip.zs} as we are currently loading with a different loader
[PREINITIALIZATION][CLIENT][INFO] [preinit | SIDE_CLIENT]: Skipping file {[0:crafttweaker]: creative_recipes\30_creative_screen.zs} as we are currently loading with a different loader
[PREINITIALIZATION][CLIENT][INFO] [preinit | SIDE_CLIENT]: Skipping file {[0:crafttweaker]: creative_recipes\31_creative_powercell.zs} as we are currently loading with a different loader
[PREINITIALIZATION][CLIENT][INFO] [preinit | SIDE_CLIENT]: Skipping file {[0:crafttweaker]: creative_recipes\32_creative_player_interface.zs} as we are currently loading with a different loader
[PREINITIALIZATION][CLIENT][INFO] [preinit | SIDE_CLIENT]: Skipping file {[0:crafttweaker]: creative_recipes\33_creative_storage_upgrade.zs} as we are currently loading with a different loader
[PREINITIALIZATION][CLIENT][INFO] [preinit | SIDE_CLIENT]: Skipping file {[0:crafttweaker]: creative_recipes\34_creative_vending_upgrade.zs} as we are currently loading with a different loader
[PREINITIALIZATION][CLIENT][INFO] [preinit | SIDE_CLIENT]: Skipping file {[0:crafttweaker]: creative_recipes\35_creative_quantum_tank.zs} as we are currently loading with a different loader
[PREINITIALIZATION][CLIENT][INFO] [preinit | SIDE_CLIENT]: Skipping file {[0:crafttweaker]: creative_recipes\36_creative_quantum_chest.zs} as we are currently loading with a different loader
[PREINITIALIZATION][CLIENT][INFO] [preinit | SIDE_CLIENT]: Skipping file {[0:crafttweaker]: creative_recipes\37_creative_solar_array.zs} as we are currently loading with a different loader
[PREINITIALIZATION][CLIENT][INFO] [preinit | SIDE_CLIENT]: Skipping file {[0:crafttweaker]: creative_recipes\38_creative_me_essentia_storage_cell.zs} as we are currently loading with a different loader
[PREINITIALIZATION][CLIENT][INFO] [preinit | SIDE_CLIENT]: Skipping file {[0:crafttweaker]: creative_recipes\39_creative_watering_can.zs} as we are currently loading with a different loader
[PREINITIALIZATION][CLIENT][INFO] [preinit | SIDE_CLIENT]: Skipping file {[0:crafttweaker]: creative_recipes\40_creative_flux_capacitor_te.zs} as we are currently loading with a different loader
[PREINITIALIZATION][CLIENT][INFO] [preinit | SIDE_CLIENT]: Skipping file {[0:crafttweaker]: creative_recipes\41_creative_reservoir.zs} as we are currently loading with a different loader
[PREINITIALIZATION][CLIENT][INFO] [preinit | SIDE_CLIENT]: Skipping file {[0:crafttweaker]: creative_recipes\42_creative_satchel.zs} as we are currently loading with a different loader
[PREINITIALIZATION][CLIENT][INFO] [preinit | SIDE_CLIENT]: Skipping file {[0:crafttweaker]: creative_recipes\43_creative_conversion_kit.zs} as we are currently loading with a different loader
[PREINITIALIZATION][CLIENT][INFO] [preinit | SIDE_CLIENT]: Skipping file {[0:crafttweaker]: creative_recipes\44_creative_fluxbore.zs} as we are currently loading with a different loader
[PREINITIALIZATION][CLIENT][INFO] [preinit | SIDE_CLIENT]: Skipping file {[0:crafttweaker]: creative_recipes\45_creative_fluxsaw.zs} as we are currently loading with a different loader
[PREINITIALIZATION][CLIENT][INFO] [preinit | SIDE_CLIENT]: Skipping file {[0:crafttweaker]: creative_recipes\46_creative_fluxmagnet.zs} as we are currently loading with a different loader
[PREINITIALIZATION][CLIENT][INFO] [preinit | SIDE_CLIENT]: Skipping file {[0:crafttweaker]: creative_recipes\47_creative_hypoinfuser.zs} as we are currently loading with a different loader
[PREINITIALIZATION][CLIENT][INFO] [preinit | SIDE_CLIENT]: Skipping file {[0:crafttweaker]: creative_recipes\48_creative_alchemical_quiver.zs} as we are currently loading with a different loader
[PREINITIALIZATION][CLIENT][INFO] [preinit | SIDE_CLIENT]: Skipping file {[0:crafttweaker]: creative_recipes\49_creative_modifier.zs} as we are currently loading with a different loader
[PREINITIALIZATION][CLIENT][INFO] [preinit | SIDE_CLIENT]: Skipping file {[0:crafttweaker]: creative_recipes\50_creative_power_input_plug.zs} as we are currently loading with a different loader
[PREINITIALIZATION][CLIENT][INFO] [preinit | SIDE_CLIENT]: Skipping file {[0:crafttweaker]: creative_recipes\51_creative_flux_sponge.zs} as we are currently loading with a different loader
[PREINITIALIZATION][CLIENT][INFO] [preinit | SIDE_CLIENT]: Skipping file {[0:crafttweaker]: creative_recipes\52_creative_everlasting_guilty_pool.zs} as we are currently loading with a different loader
[PREINITIALIZATION][CLIENT][INFO] [preinit | SIDE_CLIENT]: Skipping file {[0:crafttweaker]: creative_recipes\53_creative_mana_tablet.zs} as we are currently loading with a different loader
[PREINITIALIZATION][CLIENT][INFO] [preinit | SIDE_CLIENT]: Skipping file {[0:crafttweaker]: creative_recipes\54_creative_energy_cell_te.zs} as we are currently loading with a different loader
[PREINITIALIZATION][CLIENT][INFO] [preinit | SIDE_CLIENT]: Skipping file {[0:crafttweaker]: creative_recipes\55_creative_reward_selector_pendant.zs} as we are currently loading with a different loader
[PREINITIALIZATION][CLIENT][INFO] [preinit | SIDE_CLIENT]: Skipping file {[0:crafttweaker]: creative_recipes\56_creative_single_use_reward_selector_pendant.zs} as we are currently loading with a different loader
[PREINITIALIZATION][CLIENT][INFO] [preinit | SIDE_CLIENT]: Skipping file {[0:crafttweaker]: creative_recipes\57_creative_lock_and_key.zs} as we are currently loading with a different loader
[PREINITIALIZATION][CLIENT][INFO] [preinit | SIDE_CLIENT]: Skipping file {[0:crafttweaker]: creative_recipes\58_creative_rainbowyo.zs} as we are currently loading with a different loader
[PREINITIALIZATION][CLIENT][INFO] [preinit | SIDE_CLIENT]: Skipping file {[0:crafttweaker]: creative_recipes\59_creative_power_overload.zs} as we are currently loading with a different loader
[PREINITIALIZATION][CLIENT][INFO] [preinit | SIDE_CLIENT]: Skipping file {[0:crafttweaker]: extendedcrafting_tables.zs} as we are currently loading with a different loader
[PREINITIALIZATION][CLIENT][INFO] Completed script loading in: 3ms
[INITIALIZATION][CLIENT][INFO] CraftTweaker: Building registry
[INITIALIZATION][CLIENT][INFO] CraftTweaker: Successfully built item registry
[INITIALIZATION][CLIENT][INFO] Current loaders after merging: [[preinit], [recipeevent | crafttweaker]]
[INITIALIZATION][CLIENT][INFO] Loading scripts for loader with names [crafttweaker | recipeevent]
[INITIALIZATION][CLIENT][INFO] [crafttweaker | SIDE_CLIENT]: Loading Script: {[0:crafttweaker]: creative_recipes\01_creative_energy_cell_ae2.zs}
[INITIALIZATION][CLIENT][INFO] Adding a Table Crafting recipe for Creative Energy Cell
[INITIALIZATION][CLIENT][INFO] [crafttweaker | SIDE_CLIENT]: Loading Script: {[0:crafttweaker]: creative_recipes\02_creative_me_storage_cell.zs}
[INITIALIZATION][CLIENT][INFO] Adding a Table Crafting recipe for Creative ME Storage Cell
[INITIALIZATION][CLIENT][INFO] [crafttweaker | SIDE_CLIENT]: Loading Script: {[0:crafttweaker]: creative_recipes\03_creative_bookcases.zs}
[INITIALIZATION][CLIENT][INFO] Adding a Table Crafting recipe for Oak Creative Bookcase
[INITIALIZATION][CLIENT][INFO] Adding a Table Crafting recipe for Spruce Creative Bookcase
[INITIALIZATION][CLIENT][INFO] Adding a Table Crafting recipe for Birch Creative Bookcase
[INITIALIZATION][CLIENT][INFO] Adding a Table Crafting recipe for Jungle Creative Bookcase
[INITIALIZATION][CLIENT][INFO] Adding a Table Crafting recipe for Acacia Creative Bookcase
[INITIALIZATION][CLIENT][INFO] Adding a Table Crafting recipe for Dark Oak Creative Bookcase
[INITIALIZATION][CLIENT][INFO] Adding a Table Crafting recipe for Framed Creative Bookcase
[INITIALIZATION][CLIENT][INFO] [crafttweaker | SIDE_CLIENT]: Loading Script: {[0:crafttweaker]: creative_recipes\04_creative_activation_crystal.zs}
[INITIALIZATION][CLIENT][INFO] Adding a Table Crafting recipe for Creative Activation Crystal
[INITIALIZATION][CLIENT][INFO] [crafttweaker | SIDE_CLIENT]: Loading Script: {[0:crafttweaker]: creative_recipes\05_creative_sacrificial_dagger.zs}
[INITIALIZATION][CLIENT][INFO] Adding a Table Crafting recipe for Creative Sacrificial Dagger
[INITIALIZATION][CLIENT][INFO] [crafttweaker | SIDE_CLIENT]: Loading Script: {[0:crafttweaker]: creative_recipes\06_creative_paste_container.zs}
[INITIALIZATION][CLIENT][INFO] Adding a Table Crafting recipe for Creative Paste Container
[INITIALIZATION][CLIENT][INFO] [crafttweaker | SIDE_CLIENT]: Loading Script: {[0:crafttweaker]: creative_recipes\07_creative_chance_pendant.zs}
[INITIALIZATION][CLIENT][ERROR] creative_recipes\07_creative_chance_pendant.zs:1: Could not resolve <chancecubes : creative_pendant>
[INITIALIZATION][CLIENT][ERROR] creative_recipes\07_creative_chance_pendant.zs:5: Could not resolve <mysticalagriculture : crafting : 23>
[INITIALIZATION][CLIENT][ERROR] creative_recipes\07_creative_chance_pendant.zs:5: Could not resolve <mysticalagriculture : crafting : 23>
[INITIALIZATION][CLIENT][ERROR] creative_recipes\07_creative_chance_pendant.zs:6: Could not resolve <chancecubes : reward_selector_pendant>
[INITIALIZATION][CLIENT][ERROR] creative_recipes\07_creative_chance_pendant.zs:7: Could not resolve <mysticalagriculture : crafting : 23>
[INITIALIZATION][CLIENT][ERROR] creative_recipes\07_creative_chance_pendant.zs:7: Could not resolve <chancecubes : chance_icosahedron>
[INITIALIZATION][CLIENT][ERROR] creative_recipes\07_creative_chance_pendant.zs:7: Could not resolve <mysticalagriculture : crafting : 23>
[INITIALIZATION][CLIENT][ERROR] creative_recipes\07_creative_chance_pendant.zs:8: Could not resolve <chancecubes : reward_selector_pendant>
[INITIALIZATION][CLIENT][ERROR] creative_recipes\07_creative_chance_pendant.zs:8: Could not resolve <chancecubes : reward_selector_pendant>
[INITIALIZATION][CLIENT][ERROR] creative_recipes\07_creative_chance_pendant.zs:9: Could not resolve <chancecubes : reward_selector_pendant>
[INITIALIZATION][CLIENT][ERROR] creative_recipes\07_creative_chance_pendant.zs:10: Could not resolve <chancecubes : scanner>
[INITIALIZATION][CLIENT][INFO] Adding a Table Crafting recipe for Air
[INITIALIZATION][CLIENT][INFO] [crafttweaker | SIDE_CLIENT]: Loading Script: {[0:crafttweaker]: creative_recipes\08_creative_rf_source.zs}
[INITIALIZATION][CLIENT][ERROR] creative_recipes\08_creative_rf_source.zs:4: Could not resolve <mysticalagradditions : special : 4>
[INITIALIZATION][CLIENT][ERROR] creative_recipes\08_creative_rf_source.zs:4: Could not resolve <mysticalagradditions : special : 4>
[INITIALIZATION][CLIENT][ERROR] creative_recipes\08_creative_rf_source.zs:5: Could not resolve <mysticalagradditions : special : 4>
[INITIALIZATION][CLIENT][ERROR] creative_recipes\08_creative_rf_source.zs:5: Could not resolve <mysticalagradditions : special : 4>
[INITIALIZATION][CLIENT][ERROR] creative_recipes\08_creative_rf_source.zs:7: Could not resolve <mysticalagradditions : special : 4>
[INITIALIZATION][CLIENT][ERROR] creative_recipes\08_creative_rf_source.zs:7: Could not resolve <mysticalagradditions : special : 4>
[INITIALIZATION][CLIENT][ERROR] creative_recipes\08_creative_rf_source.zs:8: Could not resolve <mysticalagradditions : special : 4>
[INITIALIZATION][CLIENT][ERROR] creative_recipes\08_creative_rf_source.zs:8: Could not resolve <mysticalagradditions : special : 4>
[INITIALIZATION][CLIENT][INFO] Adding a Table Crafting recipe for Creative RF Source
[INITIALIZATION][CLIENT][INFO] Adding a Table Crafting recipe for Creative RF Source
[INITIALIZATION][CLIENT][INFO] [crafttweaker | SIDE_CLIENT]: Loading Script: {[0:crafttweaker]: creative_recipes\09_creative_flux_capacitor_de.zs}
[INITIALIZATION][CLIENT][ERROR] creative_recipes\09_creative_flux_capacitor_de.zs:2: Could not resolve <mysticalagradditions : special : 5>
[INITIALIZATION][CLIENT][ERROR] creative_recipes\09_creative_flux_capacitor_de.zs:2: Could not resolve <mysticalagradditions : special : 4>
[INITIALIZATION][CLIENT][ERROR] creative_recipes\09_creative_flux_capacitor_de.zs:2: Could not resolve <mysticalagradditions : special : 5>
[INITIALIZATION][CLIENT][ERROR] creative_recipes\09_creative_flux_capacitor_de.zs:6: Could not resolve <mysticalagradditions : special : 4>
[INITIALIZATION][CLIENT][ERROR] creative_recipes\09_creative_flux_capacitor_de.zs:6: Could not resolve <mysticalagradditions : special : 4>
[INITIALIZATION][CLIENT][ERROR] creative_recipes\09_creative_flux_capacitor_de.zs:10: Could not resolve <mysticalagradditions : special : 5>
[INITIALIZATION][CLIENT][ERROR] creative_recipes\09_creative_flux_capacitor_de.zs:10: Could not resolve <mysticalagradditions : special : 4>
[INITIALIZATION][CLIENT][ERROR] creative_recipes\09_creative_flux_capacitor_de.zs:10: Could not resolve <mysticalagradditions : special : 5>
[INITIALIZATION][CLIENT][INFO] Adding a Table Crafting recipe for Creative Flux Capacitor
[INITIALIZATION][CLIENT][INFO] [crafttweaker | SIDE_CLIENT]: Loading Script: {[0:crafttweaker]: creative_recipes\10_creative_block_exchanger.zs}
[INITIALIZATION][CLIENT][INFO] Adding a Table Crafting recipe for Creative Block Exchanger
[INITIALIZATION][CLIENT][INFO] [crafttweaker | SIDE_CLIENT]: Loading Script: {[0:crafttweaker]: creative_recipes\11_creative_buffer.zs}
[INITIALIZATION][CLIENT][ERROR] creative_recipes\11_creative_buffer.zs:2: Could not resolve <advancedrocketry : misc>
[INITIALIZATION][CLIENT][ERROR] creative_recipes\11_creative_buffer.zs:5: Could not resolve <advancedrocketry : loader>
[INITIALIZATION][CLIENT][ERROR] creative_recipes\11_creative_buffer.zs:7: Could not resolve <advancedrocketry : loader>
[INITIALIZATION][CLIENT][ERROR] creative_recipes\11_creative_buffer.zs:10: Could not resolve <advancedrocketry : misc>
[INITIALIZATION][CLIENT][INFO] Adding a Table Crafting recipe for Creative Buffer
[INITIALIZATION][CLIENT][INFO] [crafttweaker | SIDE_CLIENT]: Loading Script: {[0:crafttweaker]: creative_recipes\12_creative_spawner.zs}
[INITIALIZATION][CLIENT][ERROR] creative_recipes\12_creative_spawner.zs:7: Could not resolve <mysticalagriculture : chunk>
[INITIALIZATION][CLIENT][ERROR] creative_recipes\12_creative_spawner.zs:7: Could not resolve <mysticalagriculture : chunk>
[INITIALIZATION][CLIENT][ERROR] creative_recipes\12_creative_spawner.zs:8: Could not resolve <mysticalagriculture : chunk : 2>
[INITIALIZATION][CLIENT][ERROR] creative_recipes\12_creative_spawner.zs:8: Could not resolve <mysticalagriculture : chunk : 1>
[INITIALIZATION][CLIENT][ERROR] creative_recipes\12_creative_spawner.zs:9: Could not resolve <mysticalagriculture : chunk : 3>
[INITIALIZATION][CLIENT][ERROR] creative_recipes\12_creative_spawner.zs:9: Could not resolve <mysticalagriculture : chunk : 4>
[INITIALIZATION][CLIENT][INFO] Adding a Table Crafting recipe for Creative Spawner
[INITIALIZATION][CLIENT][INFO] [crafttweaker | SIDE_CLIENT]: Loading Script: {[0:crafttweaker]: creative_recipes\13_creative_capacitor_bank.zs}
[INITIALIZATION][CLIENT][INFO] Adding a Table Crafting recipe for Creative Capacitor Bank
[INITIALIZATION][CLIENT][INFO] [crafttweaker | SIDE_CLIENT]: Loading Script: {[0:crafttweaker]: creative_recipes\14_creative_destruction_wand.zs}
[INITIALIZATION][CLIENT][ERROR] creative_recipes\14_creative_destruction_wand.zs:9: Could not resolve <mysticalagriculture : gear : 4>
[INITIALIZATION][CLIENT][INFO] Adding a Table Crafting recipe for Creative Destruction Wand
[INITIALIZATION][CLIENT][INFO] [crafttweaker | SIDE_CLIENT]: Loading Script: {[0:crafttweaker]: creative_recipes\15_creative_builders_wand.zs}
[INITIALIZATION][CLIENT][ERROR] creative_recipes\15_creative_builders_wand.zs:9: Could not resolve <mysticalagriculture : gear : 4>
[INITIALIZATION][CLIENT][INFO] Adding a Table Crafting recipe for Creative Builders Wand
[INITIALIZATION][CLIENT][INFO] [crafttweaker | SIDE_CLIENT]: Loading Script: {[0:crafttweaker]: creative_recipes\16_creative_mill.zs}
[INITIALIZATION][CLIENT][ERROR] creative_recipes\16_creative_mill.zs:3: Could not resolve <mysticalagradditions : special : 4>
[INITIALIZATION][CLIENT][ERROR] creative_recipes\16_creative_mill.zs:3: Could not resolve <mysticalagradditions : special : 4>
[INITIALIZATION][CLIENT][ERROR] creative_recipes\16_creative_mill.zs:3: Could not resolve <advancedrocketry : satelliteprimaryfunction : 3>
[INITIALIZATION][CLIENT][ERROR] creative_recipes\16_creative_mill.zs:3: Could not resolve <advancedrocketry : satelliteprimaryfunction : 3>
[INITIALIZATION][CLIENT][ERROR] creative_recipes\16_creative_mill.zs:3: Could not resolve <mysticalagradditions : special : 4>
[INITIALIZATION][CLIENT][ERROR] creative_recipes\16_creative_mill.zs:3: Could not resolve <mysticalagradditions : special : 4>
[INITIALIZATION][CLIENT][INFO] Adding a Table Crafting recipe for Creative Mill
[INITIALIZATION][CLIENT][INFO] [crafttweaker | SIDE_CLIENT]: Loading Script: {[0:crafttweaker]: creative_recipes\17_creative_drum.zs}
[INITIALIZATION][CLIENT][INFO] Adding a Table Crafting recipe for Creative Drum
[INITIALIZATION][CLIENT][INFO] [crafttweaker | SIDE_CLIENT]: Loading Script: {[0:crafttweaker]: creative_recipes\18_creative_spike.zs}
[INITIALIZATION][CLIENT][ERROR] creative_recipes\18_creative_spike.zs:6: Could not resolve <mysticalagriculture : gear : 4>
[INITIALIZATION][CLIENT][ERROR] creative_recipes\18_creative_spike.zs:6: Could not resolve <mysticalagriculture : gear : 4>
[INITIALIZATION][CLIENT][ERROR] creative_recipes\18_creative_spike.zs:9: Could not resolve <mysticalagriculture : supremium_sword>
[INITIALIZATION][CLIENT][INFO] Adding a Table Crafting recipe for Creative Spikes
[INITIALIZATION][CLIENT][INFO] [crafttweaker | SIDE_CLIENT]: Loading Script: {[0:crafttweaker]: creative_recipes\19_creative_energy_source.zs}
[INITIALIZATION][CLIENT][ERROR] creative_recipes\19_creative_energy_source.zs:5: Could not resolve <mysticalagradditions : special : 4>
[INITIALIZATION][CLIENT][ERROR] creative_recipes\19_creative_energy_source.zs:5: Could not resolve <mysticalagradditions : special : 4>
[INITIALIZATION][CLIENT][ERROR] creative_recipes\19_creative_energy_source.zs:6: Could not resolve <mysticalagradditions : special : 5>
[INITIALIZATION][CLIENT][ERROR] creative_recipes\19_creative_energy_source.zs:6: Could not resolve <mysticalagriculture : charm : 12>
[INITIALIZATION][CLIENT][ERROR] creative_recipes\19_creative_energy_source.zs:6: Could not resolve <mysticalagriculture : charm : 12>
[INITIALIZATION][CLIENT][ERROR] creative_recipes\19_creative_energy_source.zs:6: Could not resolve <mysticalagradditions : special : 5>
[INITIALIZATION][CLIENT][ERROR] creative_recipes\19_creative_energy_source.zs:7: Could not resolve <mysticalagradditions : special>
[INITIALIZATION][CLIENT][ERROR] creative_recipes\19_creative_energy_source.zs:7: Could not resolve <mysticalagradditions : special>
[INITIALIZATION][CLIENT][INFO] Adding a Table Crafting recipe for Creative Energy Source
[INITIALIZATION][CLIENT][INFO] [crafttweaker | SIDE_CLIENT]: Loading Script: {[0:crafttweaker]: creative_recipes\20_creative_harvest.zs}
[INITIALIZATION][CLIENT][INFO] Adding a Table Crafting recipe for Creative Harvest
[INITIALIZATION][CLIENT][INFO] [crafttweaker | SIDE_CLIENT]: Loading Script: {[0:crafttweaker]: creative_recipes\21_creative_steam_generator.zs}
[INITIALIZATION][CLIENT][INFO] Adding a Table Crafting recipe for Turbine Creative Steam Generator (Legacy)
[INITIALIZATION][CLIENT][INFO] [crafttweaker | SIDE_CLIENT]: Loading Script: {[0:crafttweaker]: creative_recipes\22_creative_reactor_coolant_port.zs}
[INITIALIZATION][CLIENT][INFO] Adding a Table Crafting recipe for Reactor Creative Coolant Port (Legacy)
[INITIALIZATION][CLIENT][INFO] [crafttweaker | SIDE_CLIENT]: Loading Script: {[0:crafttweaker]: creative_recipes\23_creative_capacitor.zs}
[INITIALIZATION][CLIENT][ERROR] creative_recipes\23_creative_capacitor.zs:4: Could not resolve <mysticalagradditions : special : 4>
[INITIALIZATION][CLIENT][ERROR] creative_recipes\23_creative_capacitor.zs:4: Could not resolve <mysticalagradditions : special : 4>
[INITIALIZATION][CLIENT][ERROR] creative_recipes\23_creative_capacitor.zs:5: Could not resolve <mysticalagradditions : special : 4>
[INITIALIZATION][CLIENT][ERROR] creative_recipes\23_creative_capacitor.zs:5: Could not resolve <mysticalagradditions : special : 4>
[INITIALIZATION][CLIENT][ERROR] creative_recipes\23_creative_capacitor.zs:7: Could not resolve <mysticalagradditions : special : 4>
[INITIALIZATION][CLIENT][ERROR] creative_recipes\23_creative_capacitor.zs:7: Could not resolve <mysticalagradditions : special : 4>
[INITIALIZATION][CLIENT][ERROR] creative_recipes\23_creative_capacitor.zs:8: Could not resolve <mysticalagradditions : special : 4>
[INITIALIZATION][CLIENT][ERROR] creative_recipes\23_creative_capacitor.zs:8: Could not resolve <mysticalagradditions : special : 4>
[INITIALIZATION][CLIENT][INFO] Adding a Table Crafting recipe for Creative Capacitor
[INITIALIZATION][CLIENT][INFO] Adding a Table Crafting recipe for Creative Capacitor
[INITIALIZATION][CLIENT][INFO] [crafttweaker | SIDE_CLIENT]: Loading Script: {[0:crafttweaker]: creative_recipes\24_creative_bin.zs}
[INITIALIZATION][CLIENT][ERROR] creative_recipes\24_creative_bin.zs:3: Could not resolve <mysticalagradditions : special : 5>
[INITIALIZATION][CLIENT][ERROR] creative_recipes\24_creative_bin.zs:3: Could not resolve <mysticalagradditions : special : 5>
[INITIALIZATION][CLIENT][ERROR] creative_recipes\24_creative_bin.zs:5: Could not resolve <mysticalagradditions : special : 5>
[INITIALIZATION][CLIENT][ERROR] creative_recipes\24_creative_bin.zs:5: Could not resolve <mysticalagradditions : special : 5>
[INITIALIZATION][CLIENT][ERROR] creative_recipes\24_creative_bin.zs:7: Could not resolve <mysticalagradditions : special : 5>
[INITIALIZATION][CLIENT][ERROR] creative_recipes\24_creative_bin.zs:7: Could not resolve <mysticalagradditions : special : 5>
[INITIALIZATION][CLIENT][ERROR] creative_recipes\24_creative_bin.zs:9: Could not resolve <mysticalagradditions : special : 5>
[INITIALIZATION][CLIENT][ERROR] creative_recipes\24_creative_bin.zs:9: Could not resolve <mysticalagradditions : special : 5>
[INITIALIZATION][CLIENT][INFO] Adding a Table Crafting recipe for Creative Bin
[INITIALIZATION][CLIENT][INFO] [crafttweaker | SIDE_CLIENT]: Loading Script: {[0:crafttweaker]: creative_recipes\25_creative_fluid_tank.zs}
[INITIALIZATION][CLIENT][INFO] Adding a Table Crafting recipe for Creative Fluid Tank
[INITIALIZATION][CLIENT][INFO] [crafttweaker | SIDE_CLIENT]: Loading Script: {[0:crafttweaker]: creative_recipes\26_creative_energy_cube.zs}
[INITIALIZATION][CLIENT][INFO] Adding a Table Crafting recipe for Creative Energy Cube
[INITIALIZATION][CLIENT][INFO] [crafttweaker | SIDE_CLIENT]: Loading Script: {[0:crafttweaker]: creative_recipes\27_creative_gas_tank.zs}
[INITIALIZATION][CLIENT][ERROR] creative_recipes\27_creative_gas_tank.zs:3: Could not resolve <advancedrocketry : intake>
[INITIALIZATION][CLIENT][INFO] Adding a Table Crafting recipe for Creative Gas Tank
[INITIALIZATION][CLIENT][INFO] [crafttweaker | SIDE_CLIENT]: Loading Script: {[0:crafttweaker]: creative_recipes\28_creative_essence.zs}
[INITIALIZATION][CLIENT][ERROR] creative_recipes\28_creative_essence.zs:1: Could not resolve <mysticalagradditions : stuff : 69>
[INITIALIZATION][CLIENT][ERROR] creative_recipes\28_creative_essence.zs:2: Could not resolve <mysticalagriculture : stone_essence>
[INITIALIZATION][CLIENT][ERROR] creative_recipes\28_creative_essence.zs:2: Could not resolve <mysticalagriculture : nature_essence>
[INITIALIZATION][CLIENT][ERROR] creative_recipes\28_creative_essence.zs:2: Could not resolve <mysticalagriculture : water_essence>
[INITIALIZATION][CLIENT][ERROR] creative_recipes\28_creative_essence.zs:2: Could not resolve <mysticalagriculture : fire_essence>
[INITIALIZATION][CLIENT][ERROR] creative_recipes\28_creative_essence.zs:2: Could not resolve <mysticalagriculture : nether_quartz_essence>
[INITIALIZATION][CLIENT][ERROR] creative_recipes\28_creative_essence.zs:2: Could not resolve <mysticalagriculture : glowstone_essence>
[INITIALIZATION][CLIENT][ERROR] creative_recipes\28_creative_essence.zs:2: Could not resolve <mysticalagriculture : redstone_essence>
[INITIALIZATION][CLIENT][ERROR] creative_recipes\28_creative_essence.zs:2: Could not resolve <mysticalagriculture : obsidian_essence>
[INITIALIZATION][CLIENT][ERROR] creative_recipes\28_creative_essence.zs:2: Could not resolve <mysticalagriculture : gold_essence>
[INITIALIZATION][CLIENT][ERROR] creative_recipes\28_creative_essence.zs:3: Could not resolve <mysticalagriculture : lapis_lazuli_essence>
[INITIALIZATION][CLIENT][ERROR] creative_recipes\28_creative_essence.zs:3: Could not resolve <mysticalagriculture : end_essence>
[INITIALIZATION][CLIENT][ERROR] creative_recipes\28_creative_essence.zs:3: Could not resolve <mysticalagriculture : experience_essence>
[INITIALIZATION][CLIENT][ERROR] creative_recipes\28_creative_essence.zs:3: Could not resolve <mysticalagriculture : diamond_essence>
[INITIALIZATION][CLIENT][ERROR] creative_recipes\28_creative_essence.zs:3: Could not resolve <mysticalagriculture : emerald_essence>
[INITIALIZATION][CLIENT][ERROR] creative_recipes\28_creative_essence.zs:3: Could not resolve <mysticalagriculture : slime_essence>
[INITIALIZATION][CLIENT][ERROR] creative_recipes\28_creative_essence.zs:3: Could not resolve <mysticalagriculture : skeleton_essence>
[INITIALIZATION][CLIENT][ERROR] creative_recipes\28_creative_essence.zs:3: Could not resolve <mysticalagriculture : creeper_essence>
[INITIALIZATION][CLIENT][ERROR] creative_recipes\28_creative_essence.zs:3: Could not resolve <mysticalagriculture : spider_essence>
[INITIALIZATION][CLIENT][ERROR] creative_recipes\28_creative_essence.zs:4: Could not resolve <mysticalagriculture : guardian_essence>
[INITIALIZATION][CLIENT][ERROR] creative_recipes\28_creative_essence.zs:4: Could not resolve <mysticalagriculture : blaze_essence>
[INITIALIZATION][CLIENT][ERROR] creative_recipes\28_creative_essence.zs:4: Could not resolve <mysticalagriculture : ghast_essence>
[INITIALIZATION][CLIENT][ERROR] creative_recipes\28_creative_essence.zs:4: Could not resolve <mysticalagriculture : enderman_essence>
[INITIALIZATION][CLIENT][ERROR] creative_recipes\28_creative_essence.zs:4: Could not resolve <mysticalagriculture : wither_skeleton_essence>
[INITIALIZATION][CLIENT][ERROR] creative_recipes\28_creative_essence.zs:4: Could not resolve <mysticalagriculture : rubber_essence>
[INITIALIZATION][CLIENT][ERROR] creative_recipes\28_creative_essence.zs:4: Could not resolve <mysticalagriculture : silicon_essence>
[INITIALIZATION][CLIENT][ERROR] creative_recipes\28_creative_essence.zs:4: Could not resolve <mysticalagriculture : sulfur_essence>
[INITIALIZATION][CLIENT][ERROR] creative_recipes\28_creative_essence.zs:4: Could not resolve <mysticalagriculture : zinc_essence>
[INITIALIZATION][CLIENT][ERROR] creative_recipes\28_creative_essence.zs:5: Could not resolve <mysticalagriculture : brass_essence>
[INITIALIZATION][CLIENT][ERROR] creative_recipes\28_creative_essence.zs:5: Could not resolve <mysticalagriculture : silver_essence>
[INITIALIZATION][CLIENT][ERROR] creative_recipes\28_creative_essence.zs:5: Could not resolve <mysticalagriculture : lead_essence>
[INITIALIZATION][CLIENT][ERROR] creative_recipes\28_creative_essence.zs:5: Could not resolve <mysticalagriculture : steel_essence>
[INITIALIZATION][CLIENT][ERROR] creative_recipes\28_creative_essence.zs:5: Could not resolve <mysticalagriculture : invar_essence>
[INITIALIZATION][CLIENT][ERROR] creative_recipes\28_creative_essence.zs:5: Could not resolve <mysticalagriculture : mithril_essence>
[INITIALIZATION][CLIENT][ERROR] creative_recipes\28_creative_essence.zs:5: Could not resolve <mysticalagriculture : tungsten_essence>
[INITIALIZATION][CLIENT][ERROR] creative_recipes\28_creative_essence.zs:5: Could not resolve <mysticalagriculture : titanium_essence>
[INITIALIZATION][CLIENT][ERROR] creative_recipes\28_creative_essence.zs:6: Could not resolve <mysticalagriculture : uranium_essence>
[INITIALIZATION][CLIENT][ERROR] creative_recipes\28_creative_essence.zs:6: Could not resolve <mysticalagriculture : chrome_essence>
[INITIALIZATION][CLIENT][ERROR] creative_recipes\28_creative_essence.zs:6: Could not resolve <mysticalagriculture : platinum_essence>
[INITIALIZATION][CLIENT][ERROR] creative_recipes\28_creative_essence.zs:6: Could not resolve <mysticalagriculture : iridium_essence>
[INITIALIZATION][CLIENT][ERROR] creative_recipes\28_creative_essence.zs:6: Could not resolve <mysticalagriculture : ruby_essence>
[INITIALIZATION][CLIENT][ERROR] creative_recipes\28_creative_essence.zs:6: Could not resolve <mysticalagriculture : sapphire_essence>
[INITIALIZATION][CLIENT][ERROR] creative_recipes\28_creative_essence.zs:7: Could not resolve <mysticalagriculture : peridot_essence>
[INITIALIZATION][CLIENT][ERROR] creative_recipes\28_creative_essence.zs:7: Could not resolve <mysticalagriculture : amber_essence>
[INITIALIZATION][CLIENT][ERROR] creative_recipes\28_creative_essence.zs:7: Could not resolve <mysticalagriculture : topaz_essence>
[INITIALIZATION][CLIENT][ERROR] creative_recipes\28_creative_essence.zs:7: Could not resolve <mysticalagriculture : malachite_essence>
[INITIALIZATION][CLIENT][ERROR] creative_recipes\28_creative_essence.zs:7: Could not resolve <mysticalagriculture : tanzanite_essence>
[INITIALIZATION][CLIENT][ERROR] creative_recipes\28_creative_essence.zs:7: Could not resolve <mysticalagriculture : blizz_essence>
[INITIALIZATION][CLIENT][ERROR] creative_recipes\28_creative_essence.zs:7: Could not resolve <mysticalagriculture : blitz_essence>
[INITIALIZATION][CLIENT][ERROR] creative_recipes\28_creative_essence.zs:7: Could not resolve <mysticalagriculture : basalz_essence>
[INITIALIZATION][CLIENT][ERROR] creative_recipes\28_creative_essence.zs:8: Could not resolve <mysticalagriculture : signalum_essence>
[INITIALIZATION][CLIENT][ERROR] creative_recipes\28_creative_essence.zs:8: Could not resolve <mysticalagriculture : lumium_essence>
[INITIALIZATION][CLIENT][ERROR] creative_recipes\28_creative_essence.zs:8: Could not resolve <mysticalagriculture : enderium_essence>
[INITIALIZATION][CLIENT][ERROR] creative_recipes\28_creative_essence.zs:8: Could not resolve <mysticalagriculture : hop_graphite_essence>
[INITIALIZATION][CLIENT][ERROR] creative_recipes\28_creative_essence.zs:8: Could not resolve <mysticalagriculture : knightslime_essence>
[INITIALIZATION][CLIENT][ERROR] creative_recipes\28_creative_essence.zs:8: Could not resolve <mysticalagriculture : ardite_essence>
[INITIALIZATION][CLIENT][ERROR] creative_recipes\28_creative_essence.zs:8: Could not resolve <mysticalagriculture : cobalt_essence>
[INITIALIZATION][CLIENT][ERROR] creative_recipes\28_creative_essence.zs:8: Could not resolve <mysticalagriculture : manyullyn_essence>
[INITIALIZATION][CLIENT][ERROR] creative_recipes\28_creative_essence.zs:8: Could not resolve <mysticalagriculture : grains_of_infinity_essence>
[INITIALIZATION][CLIENT][ERROR] creative_recipes\28_creative_essence.zs:9: Could not resolve <mysticalagriculture : soularium_essence>
[INITIALIZATION][CLIENT][ERROR] creative_recipes\28_creative_essence.zs:9: Could not resolve <mysticalagriculture : dark_steel_essence>
[INITIALIZATION][CLIENT][ERROR] creative_recipes\28_creative_essence.zs:9: Could not resolve <mysticalagriculture : vibrant_alloy_essence>
[INITIALIZATION][CLIENT][ERROR] creative_recipes\28_creative_essence.zs:9: Could not resolve <mysticalagriculture : end_steel_essence>
[INITIALIZATION][CLIENT][ERROR] creative_recipes\28_creative_essence.zs:9: Could not resolve <mysticalagriculture : elementium_essence>
[INITIALIZATION][CLIENT][ERROR] creative_recipes\28_creative_essence.zs:9: Could not resolve <mysticalagriculture : terrasteel_essence>
[INITIALIZATION][CLIENT][ERROR] creative_recipes\28_creative_essence.zs:9: Could not resolve <mysticalagriculture : void_metal_essence>
[INITIALIZATION][CLIENT][ERROR] creative_recipes\28_creative_essence.zs:9: Could not resolve <mysticalagriculture : refined_obsidian_essence>
[INITIALIZATION][CLIENT][ERROR] creative_recipes\28_creative_essence.zs:9: Could not resolve <mysticalagriculture : fiery_ingot_essence>
[INITIALIZATION][CLIENT][ERROR] creative_recipes\28_creative_essence.zs:10: Could not resolve <mysticalagriculture : aquamarine_essence>
[INITIALIZATION][CLIENT][ERROR] creative_recipes\28_creative_essence.zs:10: Could not resolve <mysticalagriculture : starmetal_essence>
[INITIALIZATION][CLIENT][ERROR] creative_recipes\28_creative_essence.zs:10: Could not resolve <mysticalagriculture : ender_amethyst_essence>
[INITIALIZATION][CLIENT][ERROR] creative_recipes\28_creative_essence.zs:10: Could not resolve <mysticalagriculture : draconium_essence>
[INITIALIZATION][CLIENT][ERROR] creative_recipes\28_creative_essence.zs:10: Could not resolve <mysticalagriculture : yellorium_essence>
[INITIALIZATION][CLIENT][ERROR] creative_recipes\28_creative_essence.zs:10: Could not resolve <mysticalagradditions : nether_star_essence>
[INITIALIZATION][CLIENT][ERROR] creative_recipes\28_creative_essence.zs:10: Could not resolve <mysticalagradditions : dragon_egg_essence>
[INITIALIZATION][CLIENT][ERROR] creative_recipes\28_creative_essence.zs:10: Could not resolve <mysticalagradditions : awakened_draconium_essence>
[INITIALIZATION][CLIENT][ERROR] creative_recipes\28_creative_essence.zs:10: Could not resolve <mysticalagradditions : neutronium_essence>
[INITIALIZATION][CLIENT][INFO] Adding a Table Crafting recipe for Air
[INITIALIZATION][CLIENT][INFO] [crafttweaker | SIDE_CLIENT]: Loading Script: {[0:crafttweaker]: creative_recipes\29_creative_ic_chip.zs}
[INITIALIZATION][CLIENT][INFO] Adding a Table Crafting recipe for Creative Mode IC Chip
[INITIALIZATION][CLIENT][INFO] [crafttweaker | SIDE_CLIENT]: Loading Script: {[0:crafttweaker]: creative_recipes\30_creative_screen.zs}
[INITIALIZATION][CLIENT][INFO] Adding a Table Crafting recipe for Creative Screen
[INITIALIZATION][CLIENT][INFO] [crafttweaker | SIDE_CLIENT]: Loading Script: {[0:crafttweaker]: creative_recipes\31_creative_powercell.zs}
[INITIALIZATION][CLIENT][ERROR] creative_recipes\31_creative_powercell.zs:10: Could not resolve <libvulpes : forgepoweroutput>
[INITIALIZATION][CLIENT][INFO] Adding a Table Crafting recipe for Creative Powercell
[INITIALIZATION][CLIENT][INFO] [crafttweaker | SIDE_CLIENT]: Loading Script: {[0:crafttweaker]: creative_recipes\32_creative_player_interface.zs}
[INITIALIZATION][CLIENT][ERROR] creative_recipes\32_creative_player_interface.zs:2: Could not resolve <forestry : soldering_iron>
[INITIALIZATION][CLIENT][INFO] Adding a Table Crafting recipe for Creative Player Interface
[INITIALIZATION][CLIENT][INFO] [crafttweaker | SIDE_CLIENT]: Loading Script: {[0:crafttweaker]: creative_recipes\33_creative_storage_upgrade.zs}
[INITIALIZATION][CLIENT][INFO] Adding a Table Crafting recipe for Creative Storage Upgrade
[INITIALIZATION][CLIENT][INFO] [crafttweaker | SIDE_CLIENT]: Loading Script: {[0:crafttweaker]: creative_recipes\34_creative_vending_upgrade.zs}
[INITIALIZATION][CLIENT][INFO] Adding a Table Crafting recipe for Creative Vending Upgrade
[INITIALIZATION][CLIENT][INFO] [crafttweaker | SIDE_CLIENT]: Loading Script: {[0:crafttweaker]: creative_recipes\35_creative_quantum_tank.zs}
[INITIALIZATION][CLIENT][INFO] Adding a Table Crafting recipe for Creative Quantum Tank
[INITIALIZATION][CLIENT][INFO] [crafttweaker | SIDE_CLIENT]: Loading Script: {[0:crafttweaker]: creative_recipes\36_creative_quantum_chest.zs}
[INITIALIZATION][CLIENT][ERROR] creative_recipes\36_creative_quantum_chest.zs:3: Could not resolve <mysticalagradditions : special : 5>
[INITIALIZATION][CLIENT][ERROR] creative_recipes\36_creative_quantum_chest.zs:3: Could not resolve <mysticalagradditions : special : 5>
[INITIALIZATION][CLIENT][ERROR] creative_recipes\36_creative_quantum_chest.zs:5: Could not resolve <mysticalagradditions : special : 5>
[INITIALIZATION][CLIENT][ERROR] creative_recipes\36_creative_quantum_chest.zs:5: Could not resolve <mysticalagradditions : special : 5>
[INITIALIZATION][CLIENT][ERROR] creative_recipes\36_creative_quantum_chest.zs:7: Could not resolve <mysticalagradditions : special : 5>
[INITIALIZATION][CLIENT][ERROR] creative_recipes\36_creative_quantum_chest.zs:7: Could not resolve <mysticalagradditions : special : 5>
[INITIALIZATION][CLIENT][ERROR] creative_recipes\36_creative_quantum_chest.zs:9: Could not resolve <mysticalagradditions : special : 5>
[INITIALIZATION][CLIENT][ERROR] creative_recipes\36_creative_quantum_chest.zs:9: Could not resolve <mysticalagradditions : special : 5>
[INITIALIZATION][CLIENT][INFO] Adding a Table Crafting recipe for Creative Quantum Chest
[INITIALIZATION][CLIENT][INFO] [crafttweaker | SIDE_CLIENT]: Loading Script: {[0:crafttweaker]: creative_recipes\37_creative_solar_array.zs}
[INITIALIZATION][CLIENT][ERROR] creative_recipes\37_creative_solar_array.zs:2: Could not resolve <mysticalagriculture : glowstone_lamp>
[INITIALIZATION][CLIENT][ERROR] creative_recipes\37_creative_solar_array.zs:2: Could not resolve <mysticalagriculture : glowstone_lamp>
[INITIALIZATION][CLIENT][ERROR] creative_recipes\37_creative_solar_array.zs:10: Could not resolve <mysticalagriculture : glowstone_lamp>
[INITIALIZATION][CLIENT][ERROR] creative_recipes\37_creative_solar_array.zs:10: Could not resolve <libvulpes : forgepoweroutput>
[INITIALIZATION][CLIENT][ERROR] creative_recipes\37_creative_solar_array.zs:10: Could not resolve <mysticalagriculture : glowstone_lamp>
[INITIALIZATION][CLIENT][INFO] Adding a Table Crafting recipe for Creative Solar Array
[INITIALIZATION][CLIENT][INFO] [crafttweaker | SIDE_CLIENT]: Loading Script: {[0:crafttweaker]: creative_recipes\38_creative_me_essentia_storage_cell.zs}
[INITIALIZATION][CLIENT][INFO] Adding a Table Crafting recipe for Creative ME Essentia Storage Cell
[INITIALIZATION][CLIENT][INFO] [crafttweaker | SIDE_CLIENT]: Loading Script: {[0:crafttweaker]: creative_recipes\39_creative_watering_can.zs}
[INITIALIZATION][CLIENT][ERROR] creative_recipes\39_creative_watering_can.zs:2: Could not resolve <mysticalagriculture : crafting : 48>
[INITIALIZATION][CLIENT][ERROR] creative_recipes\39_creative_watering_can.zs:3: Could not resolve <mysticalagriculture : watering_can : 1>
[INITIALIZATION][CLIENT][ERROR] creative_recipes\39_creative_watering_can.zs:4: Could not resolve <mysticalagriculture : crafting : 48>
[INITIALIZATION][CLIENT][ERROR] creative_recipes\39_creative_watering_can.zs:4: Could not resolve <mysticalagriculture : watering_can : 2>
[INITIALIZATION][CLIENT][ERROR] creative_recipes\39_creative_watering_can.zs:4: Could not resolve <mysticalagradditions : stuff : 69>
[INITIALIZATION][CLIENT][ERROR] creative_recipes\39_creative_watering_can.zs:4: Could not resolve <mysticalagriculture : crafting : 48>
[INITIALIZATION][CLIENT][ERROR] creative_recipes\39_creative_watering_can.zs:5: Could not resolve <mysticalagriculture : watering_can : 3>
[INITIALIZATION][CLIENT][ERROR] creative_recipes\39_creative_watering_can.zs:5: Could not resolve <mysticalagriculture : watering_can : 4>
[INITIALIZATION][CLIENT][ERROR] creative_recipes\39_creative_watering_can.zs:6: Could not resolve <mysticalagriculture : crafting : 48>
[INITIALIZATION][CLIENT][INFO] Adding a Table Crafting recipe for Watering Can (Creative)
[INITIALIZATION][CLIENT][INFO] [crafttweaker | SIDE_CLIENT]: Loading Script: {[0:crafttweaker]: creative_recipes\40_creative_flux_capacitor_te.zs}
[INITIALIZATION][CLIENT][INFO] Adding a Table Crafting recipe for Flux Capacitor (Creative)
[INITIALIZATION][CLIENT][INFO] [crafttweaker | SIDE_CLIENT]: Loading Script: {[0:crafttweaker]: creative_recipes\41_creative_reservoir.zs}
[INITIALIZATION][CLIENT][INFO] Adding a Table Crafting recipe for Reservoir (Creative)
[INITIALIZATION][CLIENT][INFO] [crafttweaker | SIDE_CLIENT]: Loading Script: {[0:crafttweaker]: creative_recipes\42_creative_satchel.zs}
[INITIALIZATION][CLIENT][ERROR] creative_recipes\42_creative_satchel.zs:3: Could not resolve <mysticalagradditions : special : 5>
[INITIALIZATION][CLIENT][ERROR] creative_recipes\42_creative_satchel.zs:3: Could not resolve <mysticalagradditions : special : 5>
[INITIALIZATION][CLIENT][ERROR] creative_recipes\42_creative_satchel.zs:5: Could not resolve <mysticalagradditions : special : 5>
[INITIALIZATION][CLIENT][ERROR] creative_recipes\42_creative_satchel.zs:5: Could not resolve <mysticalagradditions : special : 5>
[INITIALIZATION][CLIENT][ERROR] creative_recipes\42_creative_satchel.zs:7: Could not resolve <mysticalagradditions : special : 5>
[INITIALIZATION][CLIENT][ERROR] creative_recipes\42_creative_satchel.zs:7: Could not resolve <mysticalagradditions : special : 5>
[INITIALIZATION][CLIENT][ERROR] creative_recipes\42_creative_satchel.zs:9: Could not resolve <mysticalagradditions : special : 5>
[INITIALIZATION][CLIENT][ERROR] creative_recipes\42_creative_satchel.zs:9: Could not resolve <mysticalagradditions : special : 5>
[INITIALIZATION][CLIENT][INFO] Adding a Table Crafting recipe for Satchel (Creative)
[INITIALIZATION][CLIENT][INFO] [crafttweaker | SIDE_CLIENT]: Loading Script: {[0:crafttweaker]: creative_recipes\43_creative_conversion_kit.zs}
[INITIALIZATION][CLIENT][INFO] Adding a Table Crafting recipe for Creative Conversion Kit
[INITIALIZATION][CLIENT][INFO] [crafttweaker | SIDE_CLIENT]: Loading Script: {[0:crafttweaker]: creative_recipes\44_creative_fluxbore.zs}
[INITIALIZATION][CLIENT][ERROR] creative_recipes\44_creative_fluxbore.zs:5: Could not resolve <mysticalagriculture : gear : 4>
[INITIALIZATION][CLIENT][ERROR] creative_recipes\44_creative_fluxbore.zs:7: Could not resolve <mysticalagriculture : gear : 4>
[INITIALIZATION][CLIENT][INFO] Adding a Table Crafting recipe for Fluxbore (Creative)
[INITIALIZATION][CLIENT][INFO] [crafttweaker | SIDE_CLIENT]: Loading Script: {[0:crafttweaker]: creative_recipes\45_creative_fluxsaw.zs}
[INITIALIZATION][CLIENT][ERROR] creative_recipes\45_creative_fluxsaw.zs:4: Could not resolve <mysticalagriculture : gear : 4>
[INITIALIZATION][CLIENT][ERROR] creative_recipes\45_creative_fluxsaw.zs:5: Could not resolve <mysticalagriculture : gear : 4>
[INITIALIZATION][CLIENT][INFO] Adding a Table Crafting recipe for Fluxsaw (Creative)
[INITIALIZATION][CLIENT][INFO] [crafttweaker | SIDE_CLIENT]: Loading Script: {[0:crafttweaker]: creative_recipes\46_creative_fluxmagnet.zs}
[INITIALIZATION][CLIENT][INFO] Adding a Table Crafting recipe for Fluxomagnet (Creative)
[INITIALIZATION][CLIENT][INFO] [crafttweaker | SIDE_CLIENT]: Loading Script: {[0:crafttweaker]: creative_recipes\47_creative_hypoinfuser.zs}
[INITIALIZATION][CLIENT][ERROR] creative_recipes\47_creative_hypoinfuser.zs:8: Could not resolve <mysticalagriculture : master_infusion_crystal>
[INITIALIZATION][CLIENT][ERROR] creative_recipes\47_creative_hypoinfuser.zs:8: Could not resolve <mysticalagriculture : master_infusion_crystal>
[INITIALIZATION][CLIENT][INFO] Adding a Table Crafting recipe for Hypoinfuser (Creative)
[INITIALIZATION][CLIENT][INFO] [crafttweaker | SIDE_CLIENT]: Loading Script: {[0:crafttweaker]: creative_recipes\48_creative_alchemical_quiver.zs}
[INITIALIZATION][CLIENT][ERROR] creative_recipes\48_creative_alchemical_quiver.zs:2: Could not resolve <mysticalagriculture : crafting : 23>
[INITIALIZATION][CLIENT][ERROR] creative_recipes\48_creative_alchemical_quiver.zs:2: Could not resolve <mysticalagriculture : crafting : 23>
[INITIALIZATION][CLIENT][ERROR] creative_recipes\48_creative_alchemical_quiver.zs:4: Could not resolve <mysticalagriculture : crafting : 23>
[INITIALIZATION][CLIENT][ERROR] creative_recipes\48_creative_alchemical_quiver.zs:6: Could not resolve <mysticalagriculture : crafting : 23>
[INITIALIZATION][CLIENT][INFO] Adding a Table Crafting recipe for Alchemical Quiver (Creative)
[INITIALIZATION][CLIENT][INFO] [crafttweaker | SIDE_CLIENT]: Loading Script: {[0:crafttweaker]: creative_recipes\49_creative_modifier.zs}
[INITIALIZATION][CLIENT][ERROR] creative_recipes\49_creative_modifier.zs:6: Could not resolve <mysticalagradditions : stuff : 69>
[INITIALIZATION][CLIENT][INFO] Adding a Table Crafting recipe for Creative Modifier
[INITIALIZATION][CLIENT][INFO] [crafttweaker | SIDE_CLIENT]: Loading Script: {[0:crafttweaker]: creative_recipes\50_creative_power_input_plug.zs}
[INITIALIZATION][CLIENT][ERROR] creative_recipes\50_creative_power_input_plug.zs:1: Could not resolve <libvulpes : creativepowerbattery>
[INITIALIZATION][CLIENT][ERROR] creative_recipes\50_creative_power_input_plug.zs:3: Could not resolve <libvulpes : forgepowerinput>
[INITIALIZATION][CLIENT][ERROR] creative_recipes\50_creative_power_input_plug.zs:3: Could not resolve <libvulpes : forgepowerinput>
[INITIALIZATION][CLIENT][ERROR] creative_recipes\50_creative_power_input_plug.zs:3: Could not resolve <libvulpes : forgepowerinput>
[INITIALIZATION][CLIENT][ERROR] creative_recipes\50_creative_power_input_plug.zs:4: Could not resolve <libvulpes : advstructuremachine>
[INITIALIZATION][CLIENT][ERROR] creative_recipes\50_creative_power_input_plug.zs:4: Could not resolve <libvulpes : advstructuremachine>
[INITIALIZATION][CLIENT][ERROR] creative_recipes\50_creative_power_input_plug.zs:5: Could not resolve <libvulpes : forgepowerinput>
[INITIALIZATION][CLIENT][ERROR] creative_recipes\50_creative_power_input_plug.zs:5: Could not resolve <libvulpes : forgepowerinput>
[INITIALIZATION][CLIENT][ERROR] creative_recipes\50_creative_power_input_plug.zs:6: Could not resolve <libvulpes : forgepowerinput>
[INITIALIZATION][CLIENT][ERROR] creative_recipes\50_creative_power_input_plug.zs:6: Could not resolve <libvulpes : forgepowerinput>
[INITIALIZATION][CLIENT][ERROR] creative_recipes\50_creative_power_input_plug.zs:7: Could not resolve <libvulpes : forgepowerinput>
[INITIALIZATION][CLIENT][ERROR] creative_recipes\50_creative_power_input_plug.zs:7: Could not resolve <libvulpes : forgepowerinput>
[INITIALIZATION][CLIENT][ERROR] creative_recipes\50_creative_power_input_plug.zs:8: Could not resolve <libvulpes : advstructuremachine>
[INITIALIZATION][CLIENT][ERROR] creative_recipes\50_creative_power_input_plug.zs:8: Could not resolve <libvulpes : advstructuremachine>
[INITIALIZATION][CLIENT][ERROR] creative_recipes\50_creative_power_input_plug.zs:9: Could not resolve <libvulpes : forgepowerinput>
[INITIALIZATION][CLIENT][ERROR] creative_recipes\50_creative_power_input_plug.zs:9: Could not resolve <libvulpes : forgepowerinput>
[INITIALIZATION][CLIENT][ERROR] creative_recipes\50_creative_power_input_plug.zs:9: Could not resolve <libvulpes : forgepowerinput>
[INITIALIZATION][CLIENT][INFO] Adding a Table Crafting recipe for Air
[INITIALIZATION][CLIENT][INFO] [crafttweaker | SIDE_CLIENT]: Loading Script: {[0:crafttweaker]: creative_recipes\51_creative_flux_sponge.zs}
[INITIALIZATION][CLIENT][INFO] Adding a Table Crafting recipe for Flux Sponge
[INITIALIZATION][CLIENT][INFO] [crafttweaker | SIDE_CLIENT]: Loading Script: {[0:crafttweaker]: creative_recipes\52_creative_everlasting_guilty_pool.zs}
[INITIALIZATION][CLIENT][INFO] Adding a Table Crafting recipe for The Everlasting Guilty Pool
[INITIALIZATION][CLIENT][INFO] [crafttweaker | SIDE_CLIENT]: Loading Script: {[0:crafttweaker]: creative_recipes\53_creative_mana_tablet.zs}
[INITIALIZATION][CLIENT][INFO] Adding a Table Crafting recipe for Mana Tablet
[INITIALIZATION][CLIENT][INFO] [crafttweaker | SIDE_CLIENT]: Loading Script: {[0:crafttweaker]: creative_recipes\54_creative_energy_cell_te.zs}
[INITIALIZATION][CLIENT][ERROR] creative_recipes\54_creative_energy_cell_te.zs:2: Could not resolve <libvulpes : forgepoweroutput>
[INITIALIZATION][CLIENT][ERROR] creative_recipes\54_creative_energy_cell_te.zs:6: Could not resolve <libvulpes : forgepoweroutput>
[INITIALIZATION][CLIENT][ERROR] creative_recipes\54_creative_energy_cell_te.zs:6: Could not resolve <libvulpes : forgepoweroutput>
[INITIALIZATION][CLIENT][ERROR] creative_recipes\54_creative_energy_cell_te.zs:10: Could not resolve <libvulpes : forgepoweroutput>
[INITIALIZATION][CLIENT][INFO] Adding a Table Crafting recipe for Energy Cell (Creative)
[INITIALIZATION][CLIENT][INFO] [crafttweaker | SIDE_CLIENT]: Loading Script: {[0:crafttweaker]: creative_recipes\55_creative_reward_selector_pendant.zs}
[INITIALIZATION][CLIENT][ERROR] creative_recipes\55_creative_reward_selector_pendant.zs:1: Could not resolve <chancecubes : reward_selector_pendant>
[INITIALIZATION][CLIENT][ERROR] creative_recipes\55_creative_reward_selector_pendant.zs:5: Could not resolve <mysticalagriculture : crafting : 23>
[INITIALIZATION][CLIENT][ERROR] creative_recipes\55_creative_reward_selector_pendant.zs:5: Could not resolve <mysticalagriculture : crafting : 23>
[INITIALIZATION][CLIENT][ERROR] creative_recipes\55_creative_reward_selector_pendant.zs:6: Could not resolve <chancecubes : single_use_reward_selector_pendant>
[INITIALIZATION][CLIENT][ERROR] creative_recipes\55_creative_reward_selector_pendant.zs:7: Could not resolve <mysticalagriculture : crafting : 23>
[INITIALIZATION][CLIENT][ERROR] creative_recipes\55_creative_reward_selector_pendant.zs:7: Could not resolve <mysticalagriculture : master_infusion_crystal>
[INITIALIZATION][CLIENT][ERROR] creative_recipes\55_creative_reward_selector_pendant.zs:7: Could not resolve <mysticalagriculture : master_infusion_crystal>
[INITIALIZATION][CLIENT][ERROR] creative_recipes\55_creative_reward_selector_pendant.zs:7: Could not resolve <mysticalagriculture : crafting : 23>
[INITIALIZATION][CLIENT][ERROR] creative_recipes\55_creative_reward_selector_pendant.zs:8: Could not resolve <chancecubes : single_use_reward_selector_pendant>
[INITIALIZATION][CLIENT][ERROR] creative_recipes\55_creative_reward_selector_pendant.zs:8: Could not resolve <chancecubes : compact_giant_chance_cube>
[INITIALIZATION][CLIENT][ERROR] creative_recipes\55_creative_reward_selector_pendant.zs:8: Could not resolve <chancecubes : single_use_reward_selector_pendant>
[INITIALIZATION][CLIENT][ERROR] creative_recipes\55_creative_reward_selector_pendant.zs:9: Could not resolve <mysticalagriculture : master_infusion_crystal>
[INITIALIZATION][CLIENT][ERROR] creative_recipes\55_creative_reward_selector_pendant.zs:9: Could not resolve <chancecubes : single_use_reward_selector_pendant>
[INITIALIZATION][CLIENT][ERROR] creative_recipes\55_creative_reward_selector_pendant.zs:9: Could not resolve <mysticalagriculture : master_infusion_crystal>
[INITIALIZATION][CLIENT][INFO] Adding a Table Crafting recipe for Air
[INITIALIZATION][CLIENT][INFO] [crafttweaker | SIDE_CLIENT]: Loading Script: {[0:crafttweaker]: creative_recipes\56_creative_single_use_reward_selector_pendant.zs}
[INITIALIZATION][CLIENT][ERROR] creative_recipes\56_creative_single_use_reward_selector_pendant.zs:1: Could not resolve <chancecubes : single_use_reward_selector_pendant>
[INITIALIZATION][CLIENT][ERROR] creative_recipes\56_creative_single_use_reward_selector_pendant.zs:5: Could not resolve <mysticalagriculture : crafting : 23>
[INITIALIZATION][CLIENT][ERROR] creative_recipes\56_creative_single_use_reward_selector_pendant.zs:5: Could not resolve <chancecubes : chance_pendant_tier3>
[INITIALIZATION][CLIENT][ERROR] creative_recipes\56_creative_single_use_reward_selector_pendant.zs:5: Could not resolve <mysticalagriculture : crafting : 23>
[INITIALIZATION][CLIENT][ERROR] creative_recipes\56_creative_single_use_reward_selector_pendant.zs:6: Could not resolve <chancecubes : silk_touch_pendant>
[INITIALIZATION][CLIENT][ERROR] creative_recipes\56_creative_single_use_reward_selector_pendant.zs:7: Could not resolve <mysticalagriculture : crafting : 23>
[INITIALIZATION][CLIENT][ERROR] creative_recipes\56_creative_single_use_reward_selector_pendant.zs:7: Could not resolve <mysticalagriculture : infusion_crystal>
[INITIALIZATION][CLIENT][ERROR] creative_recipes\56_creative_single_use_reward_selector_pendant.zs:7: Could not resolve <mysticalagriculture : infusion_crystal>
[INITIALIZATION][CLIENT][ERROR] creative_recipes\56_creative_single_use_reward_selector_pendant.zs:7: Could not resolve <mysticalagriculture : crafting : 23>
[INITIALIZATION][CLIENT][ERROR] creative_recipes\56_creative_single_use_reward_selector_pendant.zs:8: Could not resolve <chancecubes : chance_pendant_tier3>
[INITIALIZATION][CLIENT][ERROR] creative_recipes\56_creative_single_use_reward_selector_pendant.zs:8: Could not resolve <chancecubes : silk_touch_pendant>
[INITIALIZATION][CLIENT][ERROR] creative_recipes\56_creative_single_use_reward_selector_pendant.zs:8: Could not resolve <chancecubes : chance_cube>
[INITIALIZATION][CLIENT][ERROR] creative_recipes\56_creative_single_use_reward_selector_pendant.zs:8: Could not resolve <chancecubes : silk_touch_pendant>
[INITIALIZATION][CLIENT][ERROR] creative_recipes\56_creative_single_use_reward_selector_pendant.zs:8: Could not resolve <chancecubes : chance_pendant_tier3>
[INITIALIZATION][CLIENT][ERROR] creative_recipes\56_creative_single_use_reward_selector_pendant.zs:9: Could not resolve <mysticalagriculture : infusion_crystal>
[INITIALIZATION][CLIENT][ERROR] creative_recipes\56_creative_single_use_reward_selector_pendant.zs:9: Could not resolve <chancecubes : silk_touch_pendant>
[INITIALIZATION][CLIENT][ERROR] creative_recipes\56_creative_single_use_reward_selector_pendant.zs:9: Could not resolve <mysticalagriculture : infusion_crystal>
[INITIALIZATION][CLIENT][ERROR] creative_recipes\56_creative_single_use_reward_selector_pendant.zs:10: Could not resolve <chancecubes : chance_pendant_tier3>
[INITIALIZATION][CLIENT][INFO] Adding a Table Crafting recipe for Air
[INITIALIZATION][CLIENT][INFO] [crafttweaker | SIDE_CLIENT]: Loading Script: {[0:crafttweaker]: creative_recipes\57_creative_lock_and_key.zs}
[INITIALIZATION][CLIENT][INFO] Adding a Table Crafting recipe for Lock and Key
[INITIALIZATION][CLIENT][INFO] [crafttweaker | SIDE_CLIENT]: Loading Script: {[0:crafttweaker]: creative_recipes\58_creative_rainbowyo.zs}
[INITIALIZATION][CLIENT][ERROR] creative_recipes\58_creative_rainbowyo.zs:2: Could not resolve <mysticalagradditions : special : 4>
[INITIALIZATION][CLIENT][ERROR] creative_recipes\58_creative_rainbowyo.zs:2: Could not resolve <mysticalagradditions : special : 4>
[INITIALIZATION][CLIENT][ERROR] creative_recipes\58_creative_rainbowyo.zs:2: Could not resolve <mysticalagradditions : special : 4>
[INITIALIZATION][CLIENT][ERROR] creative_recipes\58_creative_rainbowyo.zs:2: Could not resolve <mysticalagradditions : special : 4>
[INITIALIZATION][CLIENT][ERROR] creative_recipes\58_creative_rainbowyo.zs:2: Could not resolve <mysticalagradditions : special : 4>
[INITIALIZATION][CLIENT][ERROR] creative_recipes\58_creative_rainbowyo.zs:2: Could not resolve <mysticalagradditions : special : 4>
[INITIALIZATION][CLIENT][ERROR] creative_recipes\58_creative_rainbowyo.zs:2: Could not resolve <mysticalagradditions : special : 4>
[INITIALIZATION][CLIENT][ERROR] creative_recipes\58_creative_rainbowyo.zs:3: Could not resolve <mysticalagradditions : special : 1>
[INITIALIZATION][CLIENT][ERROR] creative_recipes\58_creative_rainbowyo.zs:3: Could not resolve <mysticalagradditions : special>
[INITIALIZATION][CLIENT][ERROR] creative_recipes\58_creative_rainbowyo.zs:4: Could not resolve <mysticalagradditions : special : 1>
[INITIALIZATION][CLIENT][ERROR] creative_recipes\58_creative_rainbowyo.zs:4: Could not resolve <mysticalagradditions : special>
[INITIALIZATION][CLIENT][ERROR] creative_recipes\58_creative_rainbowyo.zs:5: Could not resolve <mysticalagradditions : special : 1>
[INITIALIZATION][CLIENT][ERROR] creative_recipes\58_creative_rainbowyo.zs:5: Could not resolve <mysticalagradditions : special>
[INITIALIZATION][CLIENT][ERROR] creative_recipes\58_creative_rainbowyo.zs:6: Could not resolve <mysticalagradditions : special : 1>
[INITIALIZATION][CLIENT][ERROR] creative_recipes\58_creative_rainbowyo.zs:6: Could not resolve <mysticalagradditions : special>
[INITIALIZATION][CLIENT][ERROR] creative_recipes\58_creative_rainbowyo.zs:7: Could not resolve <mysticalagradditions : special : 1>
[INITIALIZATION][CLIENT][ERROR] creative_recipes\58_creative_rainbowyo.zs:7: Could not resolve <mysticalagradditions : special>
[INITIALIZATION][CLIENT][ERROR] creative_recipes\58_creative_rainbowyo.zs:8: Could not resolve <mysticalagradditions : special : 1>
[INITIALIZATION][CLIENT][ERROR] creative_recipes\58_creative_rainbowyo.zs:8: Could not resolve <mysticalagradditions : special>
[INITIALIZATION][CLIENT][ERROR] creative_recipes\58_creative_rainbowyo.zs:9: Could not resolve <mysticalagradditions : special : 1>
[INITIALIZATION][CLIENT][ERROR] creative_recipes\58_creative_rainbowyo.zs:9: Could not resolve <mysticalagradditions : special>
[INITIALIZATION][CLIENT][ERROR] creative_recipes\58_creative_rainbowyo.zs:10: Could not resolve <mysticalagradditions : special : 5>
[INITIALIZATION][CLIENT][ERROR] creative_recipes\58_creative_rainbowyo.zs:10: Could not resolve <mysticalagradditions : special : 5>
[INITIALIZATION][CLIENT][ERROR] creative_recipes\58_creative_rainbowyo.zs:10: Could not resolve <mysticalagradditions : special : 5>
[INITIALIZATION][CLIENT][ERROR] creative_recipes\58_creative_rainbowyo.zs:10: Could not resolve <mysticalagradditions : special : 5>
[INITIALIZATION][CLIENT][ERROR] creative_recipes\58_creative_rainbowyo.zs:10: Could not resolve <mysticalagradditions : special : 5>
[INITIALIZATION][CLIENT][ERROR] creative_recipes\58_creative_rainbowyo.zs:10: Could not resolve <mysticalagradditions : special : 5>
[INITIALIZATION][CLIENT][ERROR] creative_recipes\58_creative_rainbowyo.zs:10: Could not resolve <mysticalagradditions : special : 5>
[INITIALIZATION][CLIENT][INFO] Adding a Table Crafting recipe for Rainbowyo
[INITIALIZATION][CLIENT][INFO] [crafttweaker | SIDE_CLIENT]: Loading Script: {[0:crafttweaker]: creative_recipes\59_creative_power_overload.zs}
[INITIALIZATION][CLIENT][INFO] Adding a Table Crafting recipe for Power Overload
[INITIALIZATION][CLIENT][INFO] [crafttweaker | SIDE_CLIENT]: Loading Script: {[0:crafttweaker]: extendedcrafting_tables.zs}
[INITIALIZATION][CLIENT][INFO] Adding a Table Crafting recipe for Advanced Crafting Table
[INITIALIZATION][CLIENT][INFO] Adding a Table Crafting recipe for Elite Crafting Table
[INITIALIZATION][CLIENT][INFO] Adding a Table Crafting recipe for Ultimate Crafting Table
[INITIALIZATION][CLIENT][INFO] Completed script loading in: 445ms
[POSTINITIALIZATION][CLIENT][INFO] Removing recipes for various outputs
[POSTINITIALIZATION][CLIENT][INFO] Adding shaped recipe for Black Iron Ingot with name black_iron_ingot
[POSTINITIALIZATION][CLIENT][INFO] Adding shaped recipe for Basic Crafting Table with name table_basic
[AVAILABLE][CLIENT][INFO] Fixed the RecipeBook
